{"level":"error","message":"Environment: 'en-us' failed to be imported\n[object Object]","timestamp":"2019-03-18T13:57:51.680Z"}
{"level":"error","message":"Import utility failed while executing","timestamp":"2019-03-18T13:57:55.237Z"}
{"level":"error","message":"{\"error_message\":\"Content Type update failed. Please try again.\",\"error_code\":116,\"errors\":{\"extension_uid\":[\"bltb1ae8b1fcc4b3ba7 refers to an Extension that does not exist.\"]}}","timestamp":"2019-03-18T13:57:55.237Z"}
{"level":"error","message":"Environment: 'en-us' failed to be imported\n[object Object]","timestamp":"2019-03-19T06:06:47.290Z"}
{"level":"error","message":"Import utility failed while executing","timestamp":"2019-03-19T06:06:50.576Z"}
{"level":"error","message":"{\"error_message\":\"Content Type update failed. Please try again.\",\"error_code\":116,\"errors\":{\"extension_uid\":[\"bltb1ae8b1fcc4b3ba7 refers to an Extension that does not exist.\"]}}","timestamp":"2019-03-19T06:06:50.577Z"}
{"level":"error","message":"Environment: 'en-us' failed to be imported\n[object Object]","timestamp":"2019-03-19T06:09:05.911Z"}
{"level":"error","message":"Import utility failed while executing","timestamp":"2019-03-19T06:09:05.919Z"}
{"level":"error","message":"{}","timestamp":"2019-03-19T06:09:05.919Z"}
{"level":"error","message":"Environment: 'en-us' failed to be imported\n[object Object]","timestamp":"2019-03-19T06:10:06.300Z"}
{"level":"error","message":"Environment: 'en-us' failed to be imported\n[object Object]","timestamp":"2019-03-19T06:31:55.549Z"}
{"level":"error","message":"Import utility failed while executing","timestamp":"2019-03-19T06:31:55.557Z"}
{"level":"error","message":"{\"errno\":-21,\"code\":\"EISDIR\",\"syscall\":\"read\"}","timestamp":"2019-03-19T06:31:55.558Z"}
{"level":"error","message":"Environment: 'en-us' failed to be imported\n[object Object]","timestamp":"2019-03-19T06:41:03.698Z"}
{"level":"error","message":"Import utility failed while executing","timestamp":"2019-03-19T06:41:03.708Z"}
{"level":"error","message":"{\"errno\":-21,\"code\":\"EISDIR\",\"syscall\":\"read\"}","timestamp":"2019-03-19T06:41:03.708Z"}
{"level":"error","message":"Environment: 'en-us' failed to be imported\n[object Object]","timestamp":"2019-03-19T06:45:49.101Z"}
{"level":"error","message":"Import utility failed while executing","timestamp":"2019-03-19T06:45:49.108Z"}
{"level":"error","message":"{}","timestamp":"2019-03-19T06:45:49.108Z"}
{"level":"error","message":"Environment: 'en-us' failed to be imported\n[object Object]","timestamp":"2019-03-19T06:46:17.132Z"}
{"level":"error","message":"Import utility failed while executing","timestamp":"2019-03-19T06:46:17.140Z"}
{"level":"error","message":"{}","timestamp":"2019-03-19T06:46:17.140Z"}
{"level":"error","message":"Environment: 'en-us' failed to be imported\n[object Object]","timestamp":"2019-03-19T06:56:38.701Z"}
{"level":"error","message":"Import utility failed while executing","timestamp":"2019-03-19T06:56:38.709Z"}
{"level":"error","message":"{}","timestamp":"2019-03-19T06:56:38.709Z"}
{"level":"error","message":"Environment: 'en-us' failed to be imported\n[object Object]","timestamp":"2019-03-19T06:59:11.900Z"}
{"level":"error","message":"Import utility failed while executing","timestamp":"2019-03-19T06:59:15.871Z"}
{"level":"error","message":"{\"error_message\":\"Content Type update failed. Please try again.\",\"error_code\":116,\"errors\":{\"extension_uid\":[\"bltb1ae8b1fcc4b3ba7 refers to an Extension that does not exist.\"]}}","timestamp":"2019-03-19T06:59:15.871Z"}
{"level":"error","message":"Environment: 'en-us' failed to be imported\n[object Object]","timestamp":"2019-03-19T07:01:30.703Z"}
{"level":"error","message":"Environment: 'en-us' failed to be imported\n[object Object]","timestamp":"2019-03-19T07:06:09.394Z"}
{"level":"error","message":"Import utility failed while executing","timestamp":"2019-03-19T07:06:12.762Z"}
{"level":"error","message":"{\"error_message\":\"Content Type update failed. Please try again.\",\"error_code\":116,\"errors\":{\"extension_uid\":[\"bltb1ae8b1fcc4b3ba7 refers to an Extension that does not exist.\"]}}","timestamp":"2019-03-19T07:06:12.763Z"}
{"level":"error","message":"Environment: 'en-us' failed to be imported\n[object Object]","timestamp":"2019-03-19T07:09:37.199Z"}
{"level":"error","message":"Import utility failed while executing","timestamp":"2019-03-19T07:09:42.517Z"}
{"level":"error","message":"{\"error_message\":\"Content Type update failed. Please try again.\",\"error_code\":116,\"errors\":{\"extension_uid\":[\"bltb1ae8b1fcc4b3ba7 refers to an Extension that does not exist.\"]}}","timestamp":"2019-03-19T07:09:42.517Z"}
{"level":"error","message":"Environment: 'en-us' failed to be imported\n[object Object]","timestamp":"2019-03-19T07:12:01.843Z"}
{"level":"error","message":"Import utility failed while executing","timestamp":"2019-03-19T07:12:07.051Z"}
{"level":"error","message":"{\"error_message\":\"Content Type update failed. Please try again.\",\"error_code\":116,\"errors\":{\"extension_uid\":[\"bltb1ae8b1fcc4b3ba7 refers to an Extension that does not exist.\"]}}","timestamp":"2019-03-19T07:12:07.051Z"}
{"level":"error","message":"Environment: 'en-us' failed to be imported\n[object Object]","timestamp":"2019-03-19T07:14:27.707Z"}
{"level":"error","message":"Extension: 'undefined' failed to be imported\n[object Object]","timestamp":"2019-03-19T07:14:29.433Z"}
{"level":"error","message":"Import utility failed while executing","timestamp":"2019-03-19T07:14:32.730Z"}
{"level":"error","message":"{\"error_message\":\"Content Type update failed. Please try again.\",\"error_code\":116,\"errors\":{\"extension_uid\":[\"bltb1ae8b1fcc4b3ba7 refers to an Extension that does not exist.\"]}}","timestamp":"2019-03-19T07:14:32.730Z"}
{"level":"error","message":"Environment: 'en-us' failed to be imported\n[object Object]","timestamp":"2019-03-19T07:19:27.965Z"}
{"level":"error","message":"Extension: 'undefined' failed to be imported\n[object Object]","timestamp":"2019-03-19T07:19:29.644Z"}
{"level":"error","message":"Import utility failed while executing","timestamp":"2019-03-19T07:19:33.793Z"}
{"level":"error","message":"{\"error_message\":\"Content Type update failed. Please try again.\",\"error_code\":116,\"errors\":{\"extension_uid\":[\"bltb1ae8b1fcc4b3ba7 refers to an Extension that does not exist.\"]}}","timestamp":"2019-03-19T07:19:33.794Z"}
{"level":"error","message":"Environment: 'en-us' failed to be imported\n[object Object]","timestamp":"2019-03-19T07:21:22.783Z"}
{"level":"error","message":"Extension: 'undefined' failed to be imported\n[object Object]","timestamp":"2019-03-19T07:21:24.462Z"}
{"level":"error","message":"Import utility failed while executing","timestamp":"2019-03-19T07:21:27.978Z"}
{"level":"error","message":"{\"error_message\":\"Content Type update failed. Please try again.\",\"error_code\":116,\"errors\":{\"extension_uid\":[\"bltb1ae8b1fcc4b3ba7 refers to an Extension that does not exist.\"]}}","timestamp":"2019-03-19T07:21:27.978Z"}
{"level":"error","message":"Extension: 'undefined' failed to be imported\n[object Object]","timestamp":"2019-03-19T07:23:21.350Z"}
{"level":"error","message":"Import utility failed while executing","timestamp":"2019-03-19T07:23:24.567Z"}
{"level":"error","message":"{\"error_message\":\"Content Type update failed. Please try again.\",\"error_code\":116,\"errors\":{\"extension_uid\":[\"bltb1ae8b1fcc4b3ba7 refers to an Extension that does not exist.\"]}}","timestamp":"2019-03-19T07:23:24.568Z"}
{"level":"error","message":"Environment: 'en-us' failed to be imported\n[object Object]","timestamp":"2019-03-19T07:36:14.021Z"}
{"level":"error","message":"Import utility failed while executing","timestamp":"2019-03-19T07:36:18.960Z"}
{"level":"error","message":"{\"error_message\":\"Content Type update failed. Please try again.\",\"error_code\":116,\"errors\":{\"extension_uid\":[\"bltb1ae8b1fcc4b3ba7 refers to an Extension that does not exist.\"]}}","timestamp":"2019-03-19T07:36:18.960Z"}
{"level":"error","message":"Environment: 'en-us' failed to be imported\n[object Object]","timestamp":"2019-03-19T07:38:13.061Z"}
{"level":"error","message":"Extension: 'undefined' failed to be imported\n[object Object]","timestamp":"2019-03-19T07:38:15.849Z"}
{"level":"error","message":"Import utility failed while executing","timestamp":"2019-03-19T07:38:19.255Z"}
{"level":"error","message":"{\"error_message\":\"Content Type update failed. Please try again.\",\"error_code\":116,\"errors\":{\"extension_uid\":[\"bltb1ae8b1fcc4b3ba7 refers to an Extension that does not exist.\"]}}","timestamp":"2019-03-19T07:38:19.256Z"}
{"level":"error","message":"Environment: 'en-us' failed to be imported\n[object Object]","timestamp":"2019-03-19T07:58:21.735Z"}
{"level":"error","message":"Extension: 'undefined' failed to be imported\nTypeError: Cannot read property 'uid' of undefined","timestamp":"2019-03-19T07:58:23.408Z"}
{"level":"error","message":"Import utility failed while executing","timestamp":"2019-03-19T07:58:26.713Z"}
{"level":"error","message":"{\"error_message\":\"Content Type update failed. Please try again.\",\"error_code\":116,\"errors\":{\"extension_uid\":[\"bltb1ae8b1fcc4b3ba7 refers to an Extension that does not exist.\"]}}","timestamp":"2019-03-19T07:58:26.713Z"}
{"level":"error","message":"Environment: 'en-us' failed to be imported\n[object Object]","timestamp":"2019-03-19T08:10:09.303Z"}
{"level":"error","message":"Extension: 'undefined' failed to be imported\nTypeError: Cannot read property 'uid' of undefined","timestamp":"2019-03-19T08:10:11.008Z"}
{"level":"error","message":"Import utility failed while executing","timestamp":"2019-03-19T08:10:14.240Z"}
{"level":"error","message":"{\"error_message\":\"Content Type update failed. Please try again.\",\"error_code\":116,\"errors\":{\"extension_uid\":[\"bltb1ae8b1fcc4b3ba7 refers to an Extension that does not exist.\"]}}","timestamp":"2019-03-19T08:10:14.241Z"}
{"level":"error","message":"Environment: 'en-us' failed to be imported\n[object Object]","timestamp":"2019-03-19T08:14:28.740Z"}
{"level":"error","message":"Extension: 'undefined' failed to be imported\nTypeError: Cannot read property 'uid' of undefined","timestamp":"2019-03-19T08:14:30.378Z"}
{"level":"error","message":"Import utility failed while executing","timestamp":"2019-03-19T08:14:33.678Z"}
{"level":"error","message":"{\"error_message\":\"Content Type update failed. Please try again.\",\"error_code\":116,\"errors\":{\"extension_uid\":[\"bltb1ae8b1fcc4b3ba7 refers to an Extension that does not exist.\"]}}","timestamp":"2019-03-19T08:14:33.678Z"}
{"level":"error","message":"Environment: 'en-us' failed to be imported\n[object Object]","timestamp":"2019-03-19T08:17:10.201Z"}
{"level":"error","message":"Extension: 'undefined' failed to be imported\nTypeError: Cannot read property 'uid' of undefined","timestamp":"2019-03-19T08:17:11.915Z"}
{"level":"error","message":"Import utility failed while executing","timestamp":"2019-03-19T08:17:16.484Z"}
{"level":"error","message":"{\"error_message\":\"Content Type update failed. Please try again.\",\"error_code\":116,\"errors\":{\"extension_uid\":[\"bltb1ae8b1fcc4b3ba7 refers to an Extension that does not exist.\"]}}","timestamp":"2019-03-19T08:17:16.485Z"}
{"level":"error","message":"Environment: 'en-us' failed to be imported\n[object Object]","timestamp":"2019-03-19T08:19:15.673Z"}
{"level":"error","message":"Import utility failed while executing","timestamp":"2019-03-19T08:19:20.674Z"}
{"level":"error","message":"{\"error_message\":\"Content Type update failed. Please try again.\",\"error_code\":116,\"errors\":{\"extension_uid\":[\"bltb1ae8b1fcc4b3ba7 refers to an Extension that does not exist.\"]}}","timestamp":"2019-03-19T08:19:20.675Z"}
{"level":"error","message":"Environment: 'en-us' failed to be imported\n[object Object]","timestamp":"2019-03-19T09:32:26.531Z"}
{"level":"error","message":"Extension: 'undefined' failed to be imported\n[object Object]","timestamp":"2019-03-19T09:32:28.284Z"}
{"level":"error","message":"Import utility failed while executing","timestamp":"2019-03-19T09:32:32.302Z"}
{"level":"error","message":"{\"error_message\":\"Content Type update failed. Please try again.\",\"error_code\":116,\"errors\":{\"extension_uid\":[\"bltb1ae8b1fcc4b3ba7 refers to an Extension that does not exist.\"]}}","timestamp":"2019-03-19T09:32:32.303Z"}
{"level":"error","message":"Environment: 'en-us' failed to be imported\n[object Object]","timestamp":"2019-03-19T09:34:32.715Z"}
{"level":"error","message":"Import utility failed while executing","timestamp":"2019-03-19T09:34:37.850Z"}
{"level":"error","message":"{\"error_message\":\"Content Type update failed. Please try again.\",\"error_code\":116,\"errors\":{\"extension_uid\":[\"bltb1ae8b1fcc4b3ba7 refers to an Extension that does not exist.\"]}}","timestamp":"2019-03-19T09:34:37.850Z"}
{"level":"error","message":"Environment: 'en-us' failed to be imported\n[object Object]","timestamp":"2019-03-19T09:41:45.669Z"}
{"level":"error","message":"Import utility failed while executing","timestamp":"2019-03-19T09:41:52.541Z"}
{"level":"error","message":"{\"error_message\":\"Content Type update failed. Please try again.\",\"error_code\":116,\"errors\":{\"extension_uid\":[\"bltb1ae8b1fcc4b3ba7 refers to an Extension that does not exist.\"]}}","timestamp":"2019-03-19T09:41:52.541Z"}
{"level":"error","message":"Environment: 'en-us' failed to be imported\n[object Object]","timestamp":"2019-03-19T11:55:21.002Z"}
{"level":"error","message":"Extension: 'undefined' failed to be imported\n[object Object]","timestamp":"2019-03-19T11:55:22.691Z"}
{"level":"error","message":"Environment: 'en-us' failed to be imported\n[object Object]","timestamp":"2019-03-19T12:05:37.550Z"}
{"level":"error","message":"Extension: 'undefined' failed to be imported\n[object Object]","timestamp":"2019-03-19T12:05:39.262Z"}
{"level":"error","message":"Environment: 'en-us' failed to be imported\n[object Object]","timestamp":"2019-03-19T12:07:30.210Z"}
{"level":"error","message":"Extension: 'undefined' failed to be imported\n[object Object]","timestamp":"2019-03-19T12:07:32.322Z"}
{"level":"error","message":"Environment: 'en-us' failed to be imported\n[object Object]","timestamp":"2019-03-19T12:07:51.900Z"}
{"level":"error","message":"Extension: 'undefined' failed to be imported\n[object Object]","timestamp":"2019-03-19T12:07:53.608Z"}
{"level":"error","message":"Environment: 'en-us' failed to be imported\n[object Object]","timestamp":"2019-03-19T12:13:38.037Z"}
{"level":"error","message":"Extension: 'undefined' failed to be imported\n[object Object]","timestamp":"2019-03-19T12:13:40.239Z"}
{"level":"error","message":"Import utility failed while executing","timestamp":"2019-03-19T12:13:40.243Z"}
{"level":"error","message":"{}","timestamp":"2019-03-19T12:13:40.243Z"}
{"level":"error","message":"Environment: 'en-us' failed to be imported\n[object Object]","timestamp":"2019-03-19T12:18:02.505Z"}
{"level":"error","message":"Extension: 'undefined' failed to be imported\n[object Object]","timestamp":"2019-03-19T12:18:04.440Z"}
{"level":"error","message":"Import utility failed while executing","timestamp":"2019-03-19T12:18:04.448Z"}
{"level":"error","message":"{}","timestamp":"2019-03-19T12:18:04.448Z"}
{"level":"error","message":"Environment: 'en-us' failed to be imported\n[object Object]","timestamp":"2019-03-19T12:21:55.898Z"}
{"level":"error","message":"Extension: 'undefined' failed to be imported\n[object Object]","timestamp":"2019-03-19T12:21:57.659Z"}
{"level":"error","message":"Environment: 'en-us' failed to be imported\n[object Object]","timestamp":"2019-03-19T12:23:07.770Z"}
{"level":"error","message":"Extension: 'undefined' failed to be imported\n[object Object]","timestamp":"2019-03-19T12:23:09.458Z"}
{"level":"error","message":"Environment: 'en-us' failed to be imported\n[object Object]","timestamp":"2019-03-19T12:25:38.622Z"}
{"level":"error","message":"Extension: 'undefined' failed to be imported\n[object Object]","timestamp":"2019-03-19T12:25:40.333Z"}
{"level":"error","message":"Environment: 'en-us' failed to be imported\n[object Object]","timestamp":"2019-03-19T12:40:21.513Z"}
{"level":"error","message":"Extension: 'undefined' failed to be imported\n[object Object]","timestamp":"2019-03-19T12:40:23.186Z"}
{"level":"error","message":"Environment: 'en-us' failed to be imported\n[object Object]","timestamp":"2019-03-19T12:50:20.943Z"}
{"level":"error","message":"Extension: 'undefined' failed to be imported\n[object Object]","timestamp":"2019-03-19T12:50:22.625Z"}
{"level":"error","message":"Environment: 'en-us' failed to be imported\n[object Object]","timestamp":"2019-03-19T12:51:05.144Z"}
{"level":"error","message":"Extension: 'undefined' failed to be imported\n[object Object]","timestamp":"2019-03-19T12:51:06.884Z"}
{"level":"error","message":"Environment: 'en-us' failed to be imported\n[object Object]","timestamp":"2019-03-19T12:52:06.079Z"}
{"level":"error","message":"Extension: 'undefined' failed to be imported\n[object Object]","timestamp":"2019-03-19T12:52:07.732Z"}
{"level":"error","message":"Environment: 'en-us' failed to be imported\n[object Object]","timestamp":"2019-03-19T12:56:40.056Z"}
{"level":"error","message":"Extension: 'undefined' failed to be imported\n[object Object]","timestamp":"2019-03-19T12:56:41.846Z"}
{"level":"error","message":"Environment: 'en-us' failed to be imported\n[object Object]","timestamp":"2019-03-19T12:58:16.567Z"}
{"level":"error","message":"Extension: 'undefined' failed to be imported\n[object Object]","timestamp":"2019-03-19T12:58:18.218Z"}
{"level":"error","message":"Environment: 'en-us' failed to be imported\n[object Object]","timestamp":"2019-03-19T13:16:28.759Z"}
{"level":"error","message":"Extension: 'undefined' failed to be imported\n[object Object]","timestamp":"2019-03-19T13:16:30.559Z"}
{"level":"error","message":"Environment: 'en-us' failed to be imported\n[object Object]","timestamp":"2019-03-19T13:17:18.851Z"}
{"level":"error","message":"Extension: 'undefined' failed to be imported\n[object Object]","timestamp":"2019-03-19T13:17:20.553Z"}
{"level":"error","message":"Environment: 'en-us' failed to be imported\n[object Object]","timestamp":"2019-03-19T13:20:56.196Z"}
{"level":"error","message":"Extension: 'undefined' failed to be imported\n[object Object]","timestamp":"2019-03-19T13:20:57.822Z"}
{"level":"error","message":"Environment: 'en-us' failed to be imported\n[object Object]","timestamp":"2019-03-19T13:22:10.962Z"}
{"level":"error","message":"Environment: 'en-us' failed to be imported\n[object Object]","timestamp":"2019-03-19T13:42:33.617Z"}
{"level":"error","message":"Environment: 'en-us' failed to be imported\n[object Object]","timestamp":"2019-03-20T05:57:29.054Z"}
{"level":"error","message":"Environment: 'en-us' failed to be imported\n[object Object]","timestamp":"2019-03-20T06:03:00.449Z"}
{"level":"error","message":"Environment: 'en-us' failed to be imported\n[object Object]","timestamp":"2019-03-20T06:09:58.674Z"}
{"level":"error","message":"Extension: 'undefined' failed to be imported\n[object Object]","timestamp":"2019-03-20T06:10:00.301Z"}
{"level":"error","message":"Import utility failed while executing","timestamp":"2019-03-20T06:10:00.304Z"}
{"level":"error","message":"{}","timestamp":"2019-03-20T06:10:00.305Z"}
{"level":"error","message":"Environment: 'en-us' failed to be imported\n[object Object]","timestamp":"2019-03-20T06:10:17.999Z"}
{"level":"error","message":"Extension: 'undefined' failed to be imported\n[object Object]","timestamp":"2019-03-20T06:10:19.694Z"}
{"level":"error","message":"Import utility failed while executing","timestamp":"2019-03-20T06:10:19.699Z"}
{"level":"error","message":"{\"errno\":-2,\"code\":\"ENOENT\",\"syscall\":\"scandir\",\"path\":\"/home/rohit/Test-import-export/contentstack-import/_backup_192/content_types\"}","timestamp":"2019-03-20T06:10:19.699Z"}
{"level":"error","message":"Environment: 'en-us' failed to be imported\n[object Object]","timestamp":"2019-03-20T06:12:04.339Z"}
{"level":"error","message":"Extension: 'undefined' failed to be imported\n[object Object]","timestamp":"2019-03-20T06:12:06.027Z"}
{"level":"error","message":"Import utility failed while executing","timestamp":"2019-03-20T06:12:06.031Z"}
{"level":"error","message":"{\"errno\":-2,\"code\":\"ENOENT\",\"syscall\":\"scandir\",\"path\":\"/content_types\"}","timestamp":"2019-03-20T06:12:06.031Z"}
{"level":"error","message":"Import utility failed while executing","timestamp":"2019-03-20T06:31:11.246Z"}
{"level":"error","message":"{\"errno\":-2,\"code\":\"ENOENT\",\"syscall\":\"scandir\",\"path\":\"/content_types\"}","timestamp":"2019-03-20T06:31:11.248Z"}
{"level":"error","message":"Import utility failed while executing","timestamp":"2019-03-20T09:52:43.984Z"}
{"level":"error","message":"{}","timestamp":"2019-03-20T09:52:43.984Z"}
{"level":"error","message":"Failed to modify mandatory field of 'product' content type","timestamp":"2019-03-20T10:29:59.826Z"}
{"level":"error","message":"Error while supressing mandatory field schemas","timestamp":"2019-03-20T10:29:59.827Z"}
{"level":"error","message":"Import utility failed while executing","timestamp":"2019-03-20T10:29:59.834Z"}
{"level":"error","message":"{\"error_message\":\"Content Type update failed. Please try again.\",\"error_code\":116,\"errors\":{\"extension_uid\":[\"bltb1ae8b1fcc4b3ba7 refers to an Extension that does not exist.\"]}}","timestamp":"2019-03-20T10:29:59.834Z"}
{"level":"error","message":"Import utility failed while executing","timestamp":"2019-03-20T12:07:30.029Z"}
{"level":"error","message":"{}","timestamp":"2019-03-20T12:07:30.030Z"}
{"level":"error","message":"Import utility failed while executing","timestamp":"2019-03-20T12:09:16.207Z"}
{"level":"error","message":"{}","timestamp":"2019-03-20T12:09:16.207Z"}
{"level":"error","message":"Failed to re-update product","timestamp":"2019-03-20T12:15:40.923Z"}
{"level":"error","message":"{\"error_message\":\"Content Type update failed. Please try again.\",\"error_code\":116,\"errors\":{\"extension_uid\":[\"bltb1ae8b1fcc4b3ba7 refers to an Extension that does not exist.\"]}}","timestamp":"2019-03-20T12:15:40.924Z"}
{"level":"error","message":"Import utility failed while executing","timestamp":"2019-03-20T13:01:03.865Z"}
{"level":"error","message":"{\"error_message\":\"Content Type update failed. Please try again.\",\"error_code\":116,\"errors\":{\"extension_uid\":[\"blt68f3b8e99da807c3 refers to an Extension that does not exist.\"]}}","timestamp":"2019-03-20T13:01:03.866Z"}
{"level":"error","message":"Import utility failed while executing","timestamp":"2019-03-22T09:44:31.116Z"}
{"level":"error","message":"{\"error_message\":\"Content Type update failed. Please try again.\",\"error_code\":116,\"errors\":{\"extension_uid\":[\"blt68f3b8e99da807c3 refers to an Extension that does not exist.\"]}}","timestamp":"2019-03-22T09:44:31.117Z"}
{"level":"error","message":"Failed to re-update product","timestamp":"2019-03-22T10:03:36.895Z"}
{"level":"error","message":"{\"error_message\":\"Content Type update failed. Please try again.\",\"error_code\":116,\"errors\":{\"extension_uid\":[\"bltb1ae8b1fcc4b3ba7 refers to an Extension that does not exist.\"]}}","timestamp":"2019-03-22T10:03:36.895Z"}
{"level":"error","message":"Import utility failed while executing","timestamp":"2019-03-22T10:41:42.918Z"}
{"level":"error","message":"{\"code\":\"MODULE_NOT_FOUND\"}","timestamp":"2019-03-22T10:41:42.918Z"}
{"level":"error","message":"Import utility failed while executing","timestamp":"2019-03-22T10:42:52.704Z"}
{"level":"error","message":"{}","timestamp":"2019-03-22T10:42:52.705Z"}
{"level":"error","message":"Import utility failed while executing","timestamp":"2019-03-22T10:44:32.811Z"}
{"level":"error","message":"{}","timestamp":"2019-03-22T10:44:32.812Z"}
{"level":"error","message":"Import utility failed while executing","timestamp":"2019-03-22T10:48:59.439Z"}
{"level":"error","message":"{}","timestamp":"2019-03-22T10:48:59.439Z"}
{"level":"error","message":"Import utility failed while executing","timestamp":"2019-03-22T10:50:40.000Z"}
{"level":"error","message":"{}","timestamp":"2019-03-22T10:50:40.000Z"}
{"level":"error","message":"Failed to modify mandatory field of 'product' content type","timestamp":"2019-03-22T11:01:50.444Z"}
{"level":"error","message":"Error while supressing mandatory field schemas","timestamp":"2019-03-22T11:01:50.445Z"}
{"level":"error","message":"Import utility failed while executing","timestamp":"2019-03-22T11:01:50.446Z"}
{"level":"error","message":"{\"error_message\":\"Content Type update failed. Please try again.\",\"error_code\":116,\"errors\":{\"extension_uid\":[\"blt68f3b8e99da807c3 refers to an Extension that does not exist.\"]}}","timestamp":"2019-03-22T11:01:50.447Z"}
{"level":"error","message":"Failed to modify mandatory field of 'product' content type","timestamp":"2019-03-22T11:48:15.329Z"}
{"level":"error","message":"Error while supressing mandatory field schemas","timestamp":"2019-03-22T11:48:15.330Z"}
{"level":"error","message":"Import utility failed while executing","timestamp":"2019-03-22T11:48:15.331Z"}
{"level":"error","message":"{\"error_message\":\"Content Type update failed. Please try again.\",\"error_code\":116,\"errors\":{\"extension_uid\":[\"blt68f3b8e99da807c3 refers to an Extension that does not exist.\"]}}","timestamp":"2019-03-22T11:48:15.331Z"}
{"level":"error","message":"Failed to re-update product","timestamp":"2019-03-22T11:51:26.400Z"}
{"level":"error","message":"{\"error_message\":\"Content Type update failed. Please try again.\",\"error_code\":116,\"errors\":{\"extension_uid\":[\"bltb1ae8b1fcc4b3ba7 refers to an Extension that does not exist.\"]}}","timestamp":"2019-03-22T11:51:26.401Z"}
{"level":"error","message":"Import utility failed while executing","timestamp":"2019-03-22T12:33:02.646Z"}
{"level":"error","message":"{\"error_message\":\"Content Type update failed. Please try again.\",\"error_code\":116,\"errors\":{\"extension_uid\":[\"bltb1ae8b1fcc4b3ba7 refers to an Extension that does not exist.\"]}}","timestamp":"2019-03-22T12:33:02.647Z"}
{"level":"error","message":"Failed to re-update product_two","timestamp":"2019-03-22T12:57:57.876Z"}
{"level":"error","message":"{\"error_message\":\"Content Type update failed. Please try again.\",\"error_code\":116,\"errors\":{\"extension_uid\":[\"blt4abe86c2067fa724 refers to an Extension that does not exist.\"]}}","timestamp":"2019-03-22T12:57:57.876Z"}
{"level":"error","message":"Failed to re-update product","timestamp":"2019-03-22T12:58:01.411Z"}
{"level":"error","message":"{\"error_message\":\"Content Type update failed. Please try again.\",\"error_code\":116,\"errors\":{\"extension_uid\":[\"blt4abe86c2067fa724 refers to an Extension that does not exist.\"]}}","timestamp":"2019-03-22T12:58:01.412Z"}
{"level":"error","message":"Extension: 'undefined' failed to be imported\nError: ENOENT: no such file or directory, open '/home/rohit/Test-import-export/contentstack-import/_backup_934/mapper/extensions'","timestamp":"2019-03-25T13:19:25.878Z"}
{"level":"error","message":"Extension: 'undefined' failed to be imported\nError: ENOENT: no such file or directory, open '/home/rohit/Test-import-export/contentstack-import/_backup_934/mapper/extensions'","timestamp":"2019-03-25T13:19:25.902Z"}
{"level":"error","message":"Extension: 'undefined' failed to be imported\nError: ENOENT: no such file or directory, open '/home/rohit/Test-import-export/contentstack-import/_backup_934/mapper/extensions'","timestamp":"2019-03-25T13:19:27.554Z"}
{"level":"error","message":"Import utility failed while executing","timestamp":"2019-03-25T13:19:29.286Z"}
{"level":"error","message":"{}","timestamp":"2019-03-25T13:19:29.286Z"}
{"level":"error","message":"Extension: 'undefined' failed to be imported\n[object Object]","timestamp":"2019-03-25T13:29:26.369Z"}
{"level":"error","message":"Extension: 'undefined' failed to be imported\n[object Object]","timestamp":"2019-03-25T13:29:26.377Z"}
{"level":"error","message":"Extension: 'undefined' failed to be imported\n[object Object]","timestamp":"2019-03-25T13:29:27.993Z"}
{"level":"error","message":"Import utility failed while executing","timestamp":"2019-03-25T13:29:30.635Z"}
{"level":"error","message":"{}","timestamp":"2019-03-25T13:29:30.636Z"}
{"level":"error","message":"Import utility failed while executing","timestamp":"2019-03-25T13:31:48.559Z"}
{"level":"error","message":"{}","timestamp":"2019-03-25T13:31:48.559Z"}
{"level":"error","message":"Import utility failed while executing","timestamp":"2019-03-25T13:35:44.100Z"}
{"level":"error","message":"{}","timestamp":"2019-03-25T13:35:44.100Z"}
{"level":"error","message":"Extension: 'undefined' failed to be imported\n[object Object]","timestamp":"2019-03-25T13:37:16.107Z"}
{"level":"error","message":"Extension: 'undefined' failed to be imported\n[object Object]","timestamp":"2019-03-25T13:37:16.109Z"}
{"level":"error","message":"Extension: 'undefined' failed to be imported\n[object Object]","timestamp":"2019-03-25T13:37:17.778Z"}
{"level":"error","message":"Import utility failed while executing","timestamp":"2019-03-25T13:38:26.715Z"}
{"level":"error","message":"{}","timestamp":"2019-03-25T13:38:26.715Z"}
{"level":"error","message":"Failed to re-update product","timestamp":"2019-03-25T13:43:09.356Z"}
{"level":"error","message":"{\"error_message\":\"Content Type update failed. Please try again.\",\"error_code\":116,\"errors\":{\"extension_uid\":[\"blt4abe86c2067fa724 refers to an Extension that does not exist.\"]}}","timestamp":"2019-03-25T13:43:09.357Z"}
{"level":"error","message":"Failed to re-update product_two","timestamp":"2019-03-25T13:43:09.358Z"}
{"level":"error","message":"{\"error_message\":\"Content Type update failed. Please try again.\",\"error_code\":116,\"errors\":{\"extension_uid\":[\"blt4abe86c2067fa724 refers to an Extension that does not exist.\"]}}","timestamp":"2019-03-25T13:43:09.359Z"}
{"level":"error","message":"Failed to re-update product_two","timestamp":"2019-03-27T06:12:22.656Z"}
{"level":"error","message":"{\"error_message\":\"Content Type update failed. Please try again.\",\"error_code\":116,\"errors\":{\"extension_uid\":[\"blt4abe86c2067fa724 refers to an Extension that does not exist.\"]}}","timestamp":"2019-03-27T06:12:22.657Z"}
{"level":"error","message":"Failed to re-update product","timestamp":"2019-03-27T06:12:22.690Z"}
{"level":"error","message":"{\"error_message\":\"Content Type update failed. Please try again.\",\"error_code\":116,\"errors\":{\"extension_uid\":[\"blt4abe86c2067fa724 refers to an Extension that does not exist.\"]}}","timestamp":"2019-03-27T06:12:22.691Z"}
{"level":"error","message":"Extension: 'undefined' failed to be imported\n[object Object]","timestamp":"2019-03-27T09:04:48.012Z"}
{"level":"error","message":"Extension: 'undefined' failed to be imported\n[object Object]","timestamp":"2019-03-27T09:04:49.025Z"}
{"level":"error","message":"Extension: 'undefined' failed to be imported\n[object Object]","timestamp":"2019-03-27T09:04:49.698Z"}
{"level":"error","message":"Import utility failed while executing","timestamp":"2019-03-27T09:04:51.725Z"}
{"level":"error","message":"{}","timestamp":"2019-03-27T09:04:51.726Z"}
{"level":"error","message":"Failed to re-update product","timestamp":"2019-03-27T09:05:46.270Z"}
{"level":"error","message":"{\"error_message\":\"Content Type update failed. Please try again.\",\"error_code\":116,\"errors\":{\"extension_uid\":[\"blt4abe86c2067fa724 refers to an Extension that does not exist.\"]}}","timestamp":"2019-03-27T09:05:46.270Z"}
{"level":"error","message":"Failed to re-update product_two","timestamp":"2019-03-27T09:05:46.278Z"}
{"level":"error","message":"{\"error_message\":\"Content Type update failed. Please try again.\",\"error_code\":116,\"errors\":{\"extension_uid\":[\"blt4abe86c2067fa724 refers to an Extension that does not exist.\"]}}","timestamp":"2019-03-27T09:05:46.279Z"}
{"level":"error","message":"Failed to re-update product_two","timestamp":"2019-03-27T09:36:03.410Z"}
{"level":"error","message":"{\"error_message\":\"Content Type update failed. Please try again.\",\"error_code\":116,\"errors\":{\"extension_uid\":[\"blt4abe86c2067fa724 refers to an Extension that does not exist.\"]}}","timestamp":"2019-03-27T09:36:03.411Z"}
{"level":"error","message":"Failed to re-update product","timestamp":"2019-03-27T09:36:03.447Z"}
{"level":"error","message":"{\"error_message\":\"Content Type update failed. Please try again.\",\"error_code\":116,\"errors\":{\"extension_uid\":[\"blt4abe86c2067fa724 refers to an Extension that does not exist.\"]}}","timestamp":"2019-03-27T09:36:03.448Z"}
{"level":"error","message":"Failed to re-update product","timestamp":"2019-03-27T09:44:48.139Z"}
{"level":"error","message":"{\"error_message\":\"Content Type update failed. Please try again.\",\"error_code\":116,\"errors\":{\"extension_uid\":[\"blt4abe86c2067fa724 refers to an Extension that does not exist.\"]}}","timestamp":"2019-03-27T09:44:48.140Z"}
{"level":"error","message":"Failed to re-update product_two","timestamp":"2019-03-27T09:44:49.052Z"}
{"level":"error","message":"{\"error_message\":\"Content Type update failed. Please try again.\",\"error_code\":116,\"errors\":{\"extension_uid\":[\"blt4abe86c2067fa724 refers to an Extension that does not exist.\"]}}","timestamp":"2019-03-27T09:44:49.053Z"}
{"level":"error","message":"Import utility failed while executing","timestamp":"2019-03-27T09:58:11.064Z"}
{"level":"error","message":"{}","timestamp":"2019-03-27T09:58:11.065Z"}
{"level":"error","message":"Extension: 'undefined' failed to be imported\n[object Object]","timestamp":"2019-03-27T11:46:05.966Z"}
{"level":"error","message":"Extension: 'undefined' failed to be imported\n[object Object]","timestamp":"2019-03-27T11:46:05.976Z"}
{"level":"error","message":"Extension: 'undefined' failed to be imported\n[object Object]","timestamp":"2019-03-27T11:46:07.565Z"}
{"level":"error","message":"Import utility failed while executing","timestamp":"2019-03-27T12:14:41.586Z"}
{"level":"error","message":"{}","timestamp":"2019-03-27T12:14:41.587Z"}
{"level":"error","message":"Environment: 'en-us' failed to be imported\n[object Object]","timestamp":"2019-03-27T12:16:58.729Z"}
{"level":"error","message":"Environment: 'en-us' failed to be imported\n[object Object]","timestamp":"2019-03-27T12:18:03.724Z"}
