{"level":"info","message":"No folders were found at: /home/rohit/Test-import-export/contentstack-import/_backup_249/assets/folders.json","timestamp":"2019-04-01T09:32:19.773Z"}
{"level":"info","message":"Completed asset import of batch no: 1","timestamp":"2019-04-01T09:32:21.817Z"}
{"level":"info","message":"Completed asset import of batch no: 12","timestamp":"2019-04-01T09:32:23.872Z"}
{"level":"info","message":"Completed asset import of batch no: 11","timestamp":"2019-04-01T09:32:26.791Z"}
{"level":"info","message":"Completed asset import of batch no: 10","timestamp":"2019-04-01T09:32:29.069Z"}
{"level":"info","message":"Completed asset import of batch no: 9","timestamp":"2019-04-01T09:32:31.338Z"}
{"level":"info","message":"Completed asset import of batch no: 8","timestamp":"2019-04-01T09:32:33.431Z"}
{"level":"info","message":"Completed asset import of batch no: 7","timestamp":"2019-04-01T09:32:36.485Z"}
{"level":"info","message":"Completed asset import of batch no: 6","timestamp":"2019-04-01T09:32:38.810Z"}
{"level":"info","message":"Completed asset import of batch no: 5","timestamp":"2019-04-01T09:32:41.086Z"}
{"level":"info","message":"Completed asset import of batch no: 4","timestamp":"2019-04-01T09:32:43.387Z"}
{"level":"info","message":"Completed asset import of batch no: 3","timestamp":"2019-04-01T09:32:50.759Z"}
{"level":"info","message":"Completed asset import of batch no: 2","timestamp":"2019-04-01T09:32:59.067Z"}
{"level":"info","message":"Asset import completed successfully!","timestamp":"2019-04-01T09:32:59.068Z"}
{"level":"info","message":"Languages have been imported successfully!","timestamp":"2019-04-01T09:33:04.520Z"}
{"level":"info","message":"Environments have been imported successfully!","timestamp":"2019-04-01T09:33:08.797Z"}
{"level":"info","message":"testcase_schema was updated successfully!","timestamp":"2019-04-01T09:33:13.010Z"}
{"level":"info","message":"Content types have been imported successfully!","timestamp":"2019-04-01T09:33:13.011Z"}
{"level":"info","message":"Entries created successfully in testcase_schema content type in en-us locale!","timestamp":"2019-04-01T09:33:18.787Z"}
{"level":"info","message":"Entries created successfully in 'en-us' language","timestamp":"2019-04-01T09:33:18.788Z"}
{"level":"info","message":"No entries without mapped uid found!","timestamp":"2019-04-01T09:33:18.788Z"}
{"level":"info","message":"Imported entries in 'en-us' language successfully!","timestamp":"2019-04-01T09:33:18.790Z"}
{"level":"info","message":"Successfully imported 'en-us' entries!","timestamp":"2019-04-01T09:33:18.790Z"}
{"level":"info","message":"Entries created successfully in testcase_schema content type in ja-jp locale!","timestamp":"2019-04-01T09:33:23.365Z"}
{"level":"info","message":"Entries created successfully in 'ja-jp' language","timestamp":"2019-04-01T09:33:23.366Z"}
{"level":"info","message":"No entries without mapped uid found!","timestamp":"2019-04-01T09:33:23.366Z"}
{"level":"info","message":"Imported entries in 'ja-jp' language successfully!","timestamp":"2019-04-01T09:33:23.367Z"}
{"level":"info","message":"Successfully imported 'ja-jp' entries!","timestamp":"2019-04-01T09:33:23.367Z"}
{"level":"info","message":"Entries created successfully in testcase_schema content type in hi-in locale!","timestamp":"2019-04-01T09:33:28.530Z"}
{"level":"info","message":"Entries created successfully in 'hi-in' language","timestamp":"2019-04-01T09:33:28.531Z"}
{"level":"info","message":"No entries without mapped uid found!","timestamp":"2019-04-01T09:33:28.531Z"}
{"level":"info","message":"Imported entries in 'hi-in' language successfully!","timestamp":"2019-04-01T09:33:28.532Z"}
{"level":"info","message":"Successfully imported 'hi-in' entries!","timestamp":"2019-04-01T09:33:28.532Z"}
{"level":"info","message":"Entries created successfully in testcase_schema content type in mr-in locale!","timestamp":"2019-04-01T09:33:33.367Z"}
{"level":"info","message":"Entries created successfully in 'mr-in' language","timestamp":"2019-04-01T09:33:33.368Z"}
{"level":"info","message":"No entries without mapped uid found!","timestamp":"2019-04-01T09:33:33.368Z"}
{"level":"info","message":"Imported entries in 'mr-in' language successfully!","timestamp":"2019-04-01T09:33:33.369Z"}
{"level":"info","message":"Successfully imported 'mr-in' entries!","timestamp":"2019-04-01T09:33:33.369Z"}
{"level":"info","message":"Content type: 'testcase_schema' has been restored to its previous glory!","timestamp":"2019-04-01T09:33:36.140Z"}
{"level":"info","message":"Re-modified content type schemas to their original form!","timestamp":"2019-04-01T09:33:36.142Z"}
{"level":"info","message":"The stack has been eradicated from bugged entries!","timestamp":"2019-04-01T09:33:36.143Z"}
{"level":"info","message":"Entries imported successfully!","timestamp":"2019-04-01T09:33:36.143Z"}
{"level":"info","message":"Import utility executed succesfully!","timestamp":"2019-04-01T09:33:36.144Z"}
{"level":"info","message":"No folders were found at: /home/rohit/Test-import-export/contentstack-import/_backup_984/assets/folders.json","timestamp":"2019-04-02T09:28:55.211Z"}
{"level":"info","message":"Completed asset import of batch no: 1","timestamp":"2019-04-02T09:28:58.930Z"}
{"level":"info","message":"Completed asset import of batch no: 12","timestamp":"2019-04-02T09:29:02.329Z"}
{"level":"info","message":"Completed asset import of batch no: 11","timestamp":"2019-04-02T09:29:05.718Z"}
{"level":"info","message":"Completed asset import of batch no: 10","timestamp":"2019-04-02T09:29:09.210Z"}
{"level":"info","message":"Completed asset import of batch no: 9","timestamp":"2019-04-02T09:29:12.554Z"}
{"level":"info","message":"Completed asset import of batch no: 8","timestamp":"2019-04-02T09:29:15.442Z"}
{"level":"info","message":"Completed asset import of batch no: 7","timestamp":"2019-04-02T09:29:18.320Z"}
{"level":"info","message":"Completed asset import of batch no: 6","timestamp":"2019-04-02T09:29:23.432Z"}
{"level":"info","message":"Completed asset import of batch no: 5","timestamp":"2019-04-02T09:29:26.796Z"}
{"level":"info","message":"Completed asset import of batch no: 4","timestamp":"2019-04-02T09:29:30.135Z"}
{"level":"info","message":"Completed asset import of batch no: 3","timestamp":"2019-04-02T09:29:34.569Z"}
{"level":"info","message":"Completed asset import of batch no: 2","timestamp":"2019-04-02T09:29:41.402Z"}
{"level":"info","message":"Asset import completed successfully!","timestamp":"2019-04-02T09:29:41.403Z"}
{"level":"info","message":"Languages have been imported successfully!","timestamp":"2019-04-02T09:29:47.407Z"}
{"level":"info","message":"No folders were found at: /home/rohit/Test-import-export/contentstack-import/_backup_865/assets/folders.json","timestamp":"2019-04-02T09:34:56.781Z"}
{"level":"info","message":"No folders were found at: /home/rohit/Test-import-export/contentstack-import/_backup_21/assets/folders.json","timestamp":"2019-04-02T09:35:28.208Z"}
{"level":"info","message":"No folders were found at: /home/rohit/Test-import-export/contentstack-import/_backup_130/assets/folders.json","timestamp":"2019-04-02T09:36:09.614Z"}
{"level":"info","message":"No folders were found at: /home/rohit/Test-import-export/contentstack-import/_backup_305/assets/folders.json","timestamp":"2019-04-02T09:37:29.379Z"}
{"level":"info","message":"Completed asset import of batch no: 1","timestamp":"2019-04-02T09:37:34.804Z"}
{"level":"info","message":"Completed asset import of batch no: 12","timestamp":"2019-04-02T09:37:38.129Z"}
{"level":"info","message":"Completed asset import of batch no: 11","timestamp":"2019-04-02T09:37:42.695Z"}
{"level":"info","message":"Completed asset import of batch no: 10","timestamp":"2019-04-02T09:37:46.084Z"}
{"level":"info","message":"Completed asset import of batch no: 9","timestamp":"2019-04-02T09:37:50.966Z"}
{"level":"info","message":"Completed asset import of batch no: 8","timestamp":"2019-04-02T09:37:53.896Z"}
{"level":"info","message":"Completed asset import of batch no: 7","timestamp":"2019-04-02T09:37:57.661Z"}
{"level":"info","message":"Completed asset import of batch no: 6","timestamp":"2019-04-02T09:38:00.854Z"}
{"level":"info","message":"Completed asset import of batch no: 5","timestamp":"2019-04-02T09:38:05.356Z"}
{"level":"info","message":"Completed asset import of batch no: 4","timestamp":"2019-04-02T09:38:13.175Z"}
{"level":"info","message":"Completed asset import of batch no: 3","timestamp":"2019-04-02T09:38:17.742Z"}
{"level":"info","message":"Completed asset import of batch no: 2","timestamp":"2019-04-02T09:38:21.044Z"}
{"level":"info","message":"Asset import completed successfully!","timestamp":"2019-04-02T09:38:21.045Z"}
{"level":"info","message":"Japanese - Japan - ja-jp already added in the Stack.","timestamp":"2019-04-02T09:38:23.433Z"}
{"level":"info","message":"Hindi - India - hi-in already added in the Stack.","timestamp":"2019-04-02T09:38:23.439Z"}
{"level":"info","message":"Marathi - India - mr-in already added in the Stack.","timestamp":"2019-04-02T09:38:25.945Z"}
{"level":"info","message":"Languages have been imported successfully!","timestamp":"2019-04-02T09:38:25.946Z"}
{"level":"info","message":"No folders were found at: /home/rohit/Test-import-export/contentstack-import/_backup_778/assets/folders.json","timestamp":"2019-04-02T09:41:44.764Z"}
{"level":"info","message":"Completed asset import of batch no: 1","timestamp":"2019-04-02T09:41:48.538Z"}
{"level":"info","message":"Completed asset import of batch no: 12","timestamp":"2019-04-02T09:42:02.703Z"}
{"level":"info","message":"Completed asset import of batch no: 11","timestamp":"2019-04-02T09:42:07.410Z"}
{"level":"info","message":"Completed asset import of batch no: 10","timestamp":"2019-04-02T09:42:12.668Z"}
{"level":"info","message":"Completed asset import of batch no: 9","timestamp":"2019-04-02T09:42:17.599Z"}
{"level":"info","message":"Completed asset import of batch no: 8","timestamp":"2019-04-02T09:42:20.827Z"}
{"level":"info","message":"Completed asset import of batch no: 7","timestamp":"2019-04-02T09:42:24.767Z"}
{"level":"info","message":"Completed asset import of batch no: 6","timestamp":"2019-04-02T09:42:28.339Z"}
{"level":"info","message":"Completed asset import of batch no: 5","timestamp":"2019-04-02T09:42:31.858Z"}
{"level":"info","message":"Completed asset import of batch no: 4","timestamp":"2019-04-02T09:42:35.510Z"}
{"level":"info","message":"Completed asset import of batch no: 3","timestamp":"2019-04-02T09:42:40.299Z"}
{"level":"info","message":"Completed asset import of batch no: 2","timestamp":"2019-04-02T09:42:44.706Z"}
{"level":"info","message":"Asset import completed successfully!","timestamp":"2019-04-02T09:42:44.706Z"}
{"level":"info","message":"Hindi - India - hi-in already added in the Stack.","timestamp":"2019-04-02T09:42:47.746Z"}
{"level":"info","message":"Japanese - Japan - ja-jp already added in the Stack.","timestamp":"2019-04-02T09:42:47.750Z"}
{"level":"info","message":"Marathi - India - mr-in already added in the Stack.","timestamp":"2019-04-02T09:42:50.282Z"}
{"level":"info","message":"Languages have been imported successfully!","timestamp":"2019-04-02T09:42:50.283Z"}
{"level":"info","message":"No folders were found at: /home/rohit/Test-import-export/contentstack-import/_backup_111/assets/folders.json","timestamp":"2019-04-02T09:51:16.660Z"}
{"level":"info","message":"Completed asset import of batch no: 1","timestamp":"2019-04-02T09:51:19.706Z"}
{"level":"info","message":"Completed asset import of batch no: 12","timestamp":"2019-04-02T09:51:22.839Z"}
{"level":"info","message":"Completed asset import of batch no: 11","timestamp":"2019-04-02T09:51:27.456Z"}
{"level":"info","message":"Completed asset import of batch no: 10","timestamp":"2019-04-02T09:51:31.556Z"}
{"level":"info","message":"Completed asset import of batch no: 9","timestamp":"2019-04-02T09:51:34.581Z"}
{"level":"info","message":"Completed asset import of batch no: 8","timestamp":"2019-04-02T09:51:39.203Z"}
{"level":"info","message":"Completed asset import of batch no: 7","timestamp":"2019-04-02T09:51:46.627Z"}
{"level":"info","message":"Completed asset import of batch no: 6","timestamp":"2019-04-02T09:51:51.836Z"}
{"level":"info","message":"Completed asset import of batch no: 5","timestamp":"2019-04-02T09:51:56.407Z"}
{"level":"info","message":"Completed asset import of batch no: 4","timestamp":"2019-04-02T09:52:03.285Z"}
{"level":"info","message":"Completed asset import of batch no: 3","timestamp":"2019-04-02T09:52:07.548Z"}
{"level":"info","message":"Completed asset import of batch no: 2","timestamp":"2019-04-02T09:52:10.943Z"}
{"level":"info","message":"Asset import completed successfully!","timestamp":"2019-04-02T09:52:10.944Z"}
{"level":"info","message":"Japanese - Japan - ja-jp already added in the Stack.","timestamp":"2019-04-02T09:52:12.724Z"}
{"level":"info","message":"Hindi - India - hi-in already added in the Stack.","timestamp":"2019-04-02T09:52:12.735Z"}
{"level":"info","message":"Marathi - India - mr-in already added in the Stack.","timestamp":"2019-04-02T09:52:15.293Z"}
{"level":"info","message":"Languages have been imported successfully!","timestamp":"2019-04-02T09:52:15.293Z"}
{"level":"info","message":"environments was imported successfully!","timestamp":"2019-04-02T10:10:19.680Z"}
{"level":"info","message":"environments was imported successfully!","timestamp":"2019-04-02T10:10:57.919Z"}
{"level":"info","message":"environments was imported successfully!","timestamp":"2019-04-02T10:12:18.493Z"}
{"level":"info","message":"environments was imported successfully!","timestamp":"2019-04-02T10:13:11.273Z"}
{"level":"info","message":"No folders were found at: /home/rohit/Test-import-export/contentstack-import/_backup_446/assets/folders.json","timestamp":"2019-04-02T10:16:17.253Z"}
{"level":"info","message":"Completed asset import of batch no: 1","timestamp":"2019-04-02T10:16:19.706Z"}
{"level":"info","message":"Completed asset import of batch no: 12","timestamp":"2019-04-02T10:16:23.002Z"}
{"level":"info","message":"Completed asset import of batch no: 11","timestamp":"2019-04-02T10:16:25.392Z"}
{"level":"info","message":"Completed asset import of batch no: 10","timestamp":"2019-04-02T10:16:27.792Z"}
{"level":"info","message":"Completed asset import of batch no: 9","timestamp":"2019-04-02T10:16:31.161Z"}
{"level":"info","message":"Completed asset import of batch no: 8","timestamp":"2019-04-02T10:16:33.832Z"}
{"level":"info","message":"Completed asset import of batch no: 7","timestamp":"2019-04-02T10:16:36.259Z"}
{"level":"info","message":"Completed asset import of batch no: 6","timestamp":"2019-04-02T10:16:38.716Z"}
{"level":"info","message":"Completed asset import of batch no: 5","timestamp":"2019-04-02T10:16:41.167Z"}
{"level":"info","message":"Completed asset import of batch no: 4","timestamp":"2019-04-02T10:16:43.736Z"}
{"level":"info","message":"Completed asset import of batch no: 3","timestamp":"2019-04-02T10:16:46.259Z"}
{"level":"info","message":"Completed asset import of batch no: 2","timestamp":"2019-04-02T10:16:49.372Z"}
{"level":"info","message":"Asset import completed successfully!","timestamp":"2019-04-02T10:16:49.372Z"}
{"level":"info","message":"Japanese - Japan - ja-jp already added in the Stack.","timestamp":"2019-04-02T10:16:51.447Z"}
{"level":"info","message":"Hindi - India - hi-in already added in the Stack.","timestamp":"2019-04-02T10:16:51.453Z"}
{"level":"info","message":"Marathi - India - mr-in already added in the Stack.","timestamp":"2019-04-02T10:16:53.216Z"}
{"level":"info","message":"Languages have been imported successfully!","timestamp":"2019-04-02T10:16:53.217Z"}
{"level":"info","message":"testcase_schema was updated successfully!","timestamp":"2019-04-02T10:16:57.886Z"}
{"level":"info","message":"Content types have been imported successfully!","timestamp":"2019-04-02T10:16:57.887Z"}
{"level":"info","message":"Entries created successfully in testcase_schema content type in en-us locale!","timestamp":"2019-04-02T10:17:01.511Z"}
{"level":"info","message":"Entries created successfully in 'en-us' language","timestamp":"2019-04-02T10:17:01.511Z"}
{"level":"info","message":"No entries without mapped uid found!","timestamp":"2019-04-02T10:17:01.512Z"}
{"level":"info","message":"Imported entries in 'en-us' language successfully!","timestamp":"2019-04-02T10:17:01.515Z"}
{"level":"info","message":"Successfully imported 'en-us' entries!","timestamp":"2019-04-02T10:17:01.516Z"}
{"level":"info","message":"Entries created successfully in testcase_schema content type in ja-jp locale!","timestamp":"2019-04-02T10:17:03.282Z"}
{"level":"info","message":"Entries created successfully in 'ja-jp' language","timestamp":"2019-04-02T10:17:03.282Z"}
{"level":"info","message":"No entries without mapped uid found!","timestamp":"2019-04-02T10:17:03.282Z"}
{"level":"info","message":"Imported entries in 'ja-jp' language successfully!","timestamp":"2019-04-02T10:17:03.283Z"}
{"level":"info","message":"Successfully imported 'ja-jp' entries!","timestamp":"2019-04-02T10:17:03.283Z"}
{"level":"info","message":"Entries created successfully in testcase_schema content type in hi-in locale!","timestamp":"2019-04-02T10:17:05.235Z"}
{"level":"info","message":"Entries created successfully in 'hi-in' language","timestamp":"2019-04-02T10:17:05.235Z"}
{"level":"info","message":"No entries without mapped uid found!","timestamp":"2019-04-02T10:17:05.236Z"}
{"level":"info","message":"Imported entries in 'hi-in' language successfully!","timestamp":"2019-04-02T10:17:05.236Z"}
{"level":"info","message":"Successfully imported 'hi-in' entries!","timestamp":"2019-04-02T10:17:05.237Z"}
{"level":"info","message":"Entries created successfully in testcase_schema content type in mr-in locale!","timestamp":"2019-04-02T10:17:07.740Z"}
{"level":"info","message":"Entries created successfully in 'mr-in' language","timestamp":"2019-04-02T10:17:07.740Z"}
{"level":"info","message":"No entries without mapped uid found!","timestamp":"2019-04-02T10:17:07.741Z"}
{"level":"info","message":"Imported entries in 'mr-in' language successfully!","timestamp":"2019-04-02T10:17:07.741Z"}
{"level":"info","message":"Successfully imported 'mr-in' entries!","timestamp":"2019-04-02T10:17:07.741Z"}
{"level":"info","message":"Content type: 'testcase_schema' has been restored to its previous glory!","timestamp":"2019-04-02T10:17:09.550Z"}
{"level":"info","message":"Re-modified content type schemas to their original form!","timestamp":"2019-04-02T10:17:09.551Z"}
{"level":"info","message":"The stack has been eradicated from bugged entries!","timestamp":"2019-04-02T10:17:09.553Z"}
{"level":"info","message":"Entries imported successfully!","timestamp":"2019-04-02T10:17:09.554Z"}
{"level":"info","message":"Import utility executed succesfully!","timestamp":"2019-04-02T10:17:09.554Z"}
{"level":"info","message":"environments was imported successfully!","timestamp":"2019-04-02T12:27:01.975Z"}
{"level":"info","message":"environments was imported successfully!","timestamp":"2019-04-02T12:28:11.204Z"}
{"level":"info","message":"No folders were found at: /home/rohit/Test-import-export/contentstack-import/_backup_867/assets/folders.json","timestamp":"2019-04-03T07:20:11.189Z"}
{"level":"info","message":"No folders were found at: /home/rohit/Test-import-export/contentstack-import/_backup_130/assets/folders.json","timestamp":"2019-04-03T07:31:42.792Z"}
{"level":"info","message":"No folders were found at: /home/rohit/Test-import-export/contentstack-import/_backup_302/assets/folders.json","timestamp":"2019-04-03T07:33:39.996Z"}
{"level":"info","message":"No folders were found at: /home/rohit/Test-import-export/contentstack-import/_backup_833/assets/folders.json","timestamp":"2019-04-03T07:36:22.597Z"}
{"level":"info","message":"Completed asset import of batch no: 1","timestamp":"2019-04-03T07:36:25.326Z"}
{"level":"info","message":"Completed asset import of batch no: 12","timestamp":"2019-04-03T07:36:27.673Z"}
{"level":"info","message":"Completed asset import of batch no: 11","timestamp":"2019-04-03T07:36:30.346Z"}
{"level":"info","message":"Completed asset import of batch no: 10","timestamp":"2019-04-03T07:36:33.020Z"}
{"level":"info","message":"No folders were found at: /home/rohit/Test-import-export/contentstack-import/_backup_453/assets/folders.json","timestamp":"2019-04-03T07:38:42.443Z"}
{"level":"info","message":"No folders were found at: /home/rohit/Test-import-export/contentstack-import/_backup_957/assets/folders.json","timestamp":"2019-04-03T07:41:12.848Z"}
{"level":"info","message":"No folders were found at: /home/rohit/Test-import-export/contentstack-import/_backup_906/assets/folders.json","timestamp":"2019-04-03T07:45:02.305Z"}
{"level":"info","message":"Completed asset import of batch no: 1","timestamp":"2019-04-03T07:45:04.962Z"}
{"level":"info","message":"No folders were found at: /home/rohit/Test-import-export/contentstack-import/_backup_877/assets/folders.json","timestamp":"2019-04-03T07:55:31.814Z"}
{"level":"info","message":"No folders were found at: /home/rohit/Test-import-export/contentstack-import/_backup_19/assets/folders.json","timestamp":"2019-04-03T08:00:43.457Z"}
{"level":"info","message":"Completed asset import of batch no: 1","timestamp":"2019-04-03T08:00:46.008Z"}
{"level":"info","message":"Completed asset import of batch no: 12","timestamp":"2019-04-03T08:00:48.676Z"}
{"level":"info","message":"No folders were found at: /home/rohit/Test-import-export/contentstack-import/_backup_16/assets/folders.json","timestamp":"2019-04-03T08:01:16.239Z"}
{"level":"info","message":"Completed asset import of batch no: 1","timestamp":"2019-04-03T08:01:18.852Z"}
